 1601   xx 
Time (UTCG)                x (km)             y (km)             z (km)         vx (km/sec)     vy (km/sec)     vz (km/sec)
-------------------------    ---------------    ---------------    ---------------    ------------    ------------    ------------
1 Jun 2018  0: 0: 0.0000    5003.400903511   -3817.812007872   4720.200666830       5.489294908      3.005055561      -3.390130160 
1 Jun 2018  0:16: 0.0000    7862.885463419      68.153346663    184.462845879       0.086150429      4.578276681      -5.450619337 
1 Jun 2018  0:32: 0.0000    5147.678805948    3905.307736869  -4481.730292276      -5.381489005      2.909315760      -3.643549563 
1 Jun 2018  0:48: 0.0000   -1219.124074326    4974.978951176  -5965.722697022      -7.033298793     -0.821967419       0.751521281 
1 Jun 2018  1: 3:60.0000   -6721.073930047    2518.811811787  -3213.229761988      -3.695176662     -3.970368334       4.612677102 
1 Jun 2018  1:19:60.0000   -7455.974771479   -1722.002257727   1820.642982609       2.261567617     -4.305026528       5.198349197 
1 Jun 2018  1:36: 0.0000   -2905.375166877   -4743.744525546   5563.253966781       6.612193871     -1.592233353       2.096669282 
1 Jun 2018  1:52: 0.0000    3704.070987119   -4408.355771667   5360.965584090       6.277013474      2.246524210      -2.490965528 
1 Jun 2018  2: 7:60.0000    7688.940023833    -953.324322654   1357.206850576       1.493241081      4.495944899      -5.313028275 
1 Jun 2018  2:23:60.0000    6223.169538815    3176.208619146  -3609.035272410      -4.352313555      3.562290527      -4.366127361 
1 Jun 2018  2:39:60.0000     343.362519849    5055.062445116  -6012.892249598      -7.113050391      0.103912982      -0.318596945 
1 Jun 2018  2:55:60.0000   -5780.125887400    3351.287165168  -4146.762664867      -4.827237323     -3.428149425       3.955376296 
1 Jun 2018  3:12: 0.0000   -7803.544958642    -727.177095085    663.722714480       0.881101199     -4.530233029       5.420067305 
1 Jun 2018  3:28: 0.0000   -4294.384759510   -4290.914037917   5003.689365231       5.961564546     -2.424569131       3.039149833 
1 Jun 2018  3:44: 0.0000    2258.036718975   -4817.803342497   5795.356124888       6.816432301      1.396063835      -1.495980083 
1 Jun 2018  4: 0: 0.0000    7210.599292878   -1935.373052109   2477.673873820       2.841157448      4.229037410      -4.970833510 
1 Jun 2018  4:15:60.0000    7052.258592162    2316.781431410  -2597.231010490      -3.150763663      4.068620372      -4.920323451 
1 Jun 2018  4:31:60.0000    1892.416097839    4927.316640268  -5828.211530651      -6.910935516      1.025264031      -1.376414706 
1 Jun 2018  4:47:60.0000   -4610.077431717    4045.812008631  -4920.441389940      -5.768298591     -2.745104003       3.145509418 
1 Jun 2018  5: 3:60.0000   -7842.197678017     297.262949165   -518.767164970      -0.534632414     -4.569339972       5.433008394 
1 Jun 2018  5:19:60.0000   -5513.621960301   -3662.066583914   4251.489296196       5.074912744     -3.157257693       3.864715729 
1 Jun 2018  5:35:60.0000     722.527318605   -5029.424159508   6006.663386672       7.086220301      0.488543661      -0.443452546 
1 Jun 2018  5:51:60.0000    6446.822264740   -2837.731911993   3502.722081482       4.076555489      3.788598649      -4.437274230 
1 Jun 2018  6: 8: 0.0000    7602.102608622    1362.347442729  -1485.332617666      -1.824504083      4.407594448      -5.284822268 
1 Jun 2018  6:24: 0.0000    3366.621236699    4597.039999156  -5418.808866415      -6.434963924      1.904225845      -2.381111065 
1 Jun 2018  6:40: 0.0000   -3257.265366274    4573.887079246  -5504.420309570      -6.480968848     -1.949295907       2.214289620 
1 Jun 2018  6:56: 0.0000   -7570.320359955    1309.281234094  -1681.270177164      -1.929554329     -4.420719713       5.236602011 
1 Jun 2018  7:12: 0.0000   -6514.781764661   -2883.005175777   3335.593596683       3.987247190     -3.760270155       4.541573009 
1 Jun 2018  7:28: 0.0000    -841.687112322   -5034.587133117   5986.759385782       7.075698404     -0.438849037       0.626135712 
1 Jun 2018  7:44: 0.0000    5427.866596307   -3623.423292549   4392.895706368       5.150570265      3.192764072      -3.732940288 
1 Jun 2018  8: 0: 0.0000    7850.938743816     352.106076956   -316.201195367      -0.426122144      4.565384433      -5.445637953 
1 Jun 2018  8:16: 0.0000    4707.534273168    4077.842695250  -4800.483577887      -5.704032586      2.704695361      -3.293926251 
1 Jun 2018  8:31:60.0000   -1775.293419558    4913.844943775  -5876.167816269      -6.936918580     -1.073428996       1.197631686 
1 Jun 2018  8:48: 0.0000   -6998.611583564    2267.344068078  -2778.984526741      -3.248368855     -4.090443301       4.838348688 
1 Jun 2018  9: 3:60.0000   -7258.177621835   -1985.685082866   2291.249166892       2.741547085     -4.208872552       5.043628542 
1 Jun 2018  9:20: 0.0000   -2372.697163833   -4833.110679231   5736.408211407       6.785258894     -1.348122530       1.671649703 
1 Jun 2018  9:35:60.0000    4194.085715853   -4260.261530727   5113.939685478       6.020740782      2.466011447      -2.884973680 
1 Jun 2018  9:52: 0.0000    7788.941977203    -672.474208822    865.111210007       0.988966406      4.535601809      -5.396644349 
1 Jun 2018 10: 7:60.0000    5862.007116871    3391.084403661  -3997.093135186      -4.747167172      3.393811841      -4.079663172 
1 Jun 2018 10:24: 0.0000    -222.902869905    5051.740845400  -6021.339565870      -7.118017085     -0.153502193       0.134762351 
1 Jun 2018 10:39:60.0000   -6149.665369416    3132.123241769  -3769.591535901      -4.438761838     -3.592040100       4.253541270 
1 Jun 2018 10:56: 0.0000   -7714.317491728   -1006.909990050   1158.658049967       1.387073029     -4.484639901       5.351497863 
1 Jun 2018 11:11:60.0000   -3809.900598660   -4433.269263569   5265.237009203       6.226351436     -2.202026290       2.652874468 
1 Jun 2018 11:28: 0.0000    2794.328478487   -4722.164614954   5638.113230507       6.652679145      1.638156611      -1.926021806 
1 Jun 2018 11:43:60.0000    7418.607406950   -1669.355678680   2013.098884109       2.364718602      4.319548877      -5.139800234 
1 Jun 2018 12: 0: 0.0000    6784.298494325    2564.993817819  -3039.628427636      -3.602358112      3.943306365      -4.708048102 
1 Jun 2018 12:16: 0.0000    1338.363155167    4981.926027028  -5934.334606550      -7.017060550      0.772673046      -0.933300157 
1 Jun 2018 12:31:60.0000   -5057.081724622    3868.109998274  -4614.890422762      -5.453485819     -2.945950157       3.504683540 
1 Jun 2018 12:48: 0.0000   -7865.078567150      13.170911443    -18.566404812      -0.022573756     -4.576215749       5.453258547 
1 Jun 2018 13: 3:60.0000   -5096.397944534   -3851.456188387   4591.367847395       5.421036196     -2.965567148       3.532054432 
1 Jun 2018 13:20: 0.0000    1284.004996526   -4990.216262349   5945.252675763       7.021420086      0.743134977      -0.892982982 
1 Jun 2018 13:35:60.0000    6754.643587484   -2597.651980526   3083.554774699       3.646684510      3.926154821      -4.685062798 
1 Jun 2018 13:52: 0.0000    7437.888263734    1633.506711852  -1965.013647888      -2.315039558      4.330659446      -5.154897400 
1 Jun 2018 14: 7:60.0000    2846.607944728    4707.279613048  -5618.512422747      -6.638061224      1.667030917      -1.965337328 
1 Jun 2018 14:24: 0.0000   -3764.137797554    4445.073861736  -5282.275756857      -6.252247547     -2.178690584       2.620627356 
1 Jun 2018 14:39:60.0000   -7704.433262991    1032.704184431  -1195.076590861      -1.431568820     -4.479785266       5.344919073 
1 Jun 2018 14:56: 0.0000   -6181.243286583   -3111.516048771   3740.724221079       4.401120727     -3.607435417       4.275340709 
1 Jun 2018 15:11:60.0000    -277.104982478   -5053.435830728   6023.543568301       7.112399564     -0.182381876       0.174407957 
1 Jun 2018 15:28: 0.0000    5823.382417928   -3419.299499008   4035.270492749       4.784158712      3.371601043      -4.049994404 
1 Jun 2018 15:43:60.0000    7796.922731692     634.870946049   -814.677985140      -0.936273951      4.540019417      -5.403045254 
1 Jun 2018 16: 0: 0.0000    4242.043593518    4239.089402325  -5086.062335393      -5.996085680      2.492819847      -2.921529331 
1 Jun 2018 16:15:60.0000   -2322.071879982    4839.305887237  -5745.999779292      -6.803320746     -1.321769412       1.635460876 
1 Jun 2018 16:32: 0.0000   -7238.696536420    2009.845138358  -2325.536791855      -2.784075704     -4.199241197       5.030583639 
1 Jun 2018 16:48: 0.0000   -7021.461780870   -2243.773492616   2746.038189190       3.206913088     -4.101283756       4.854091705 
1 Jun 2018 17: 3:60.0000   -1827.215006406   -4909.225295340   5869.972987151       6.922025369     -1.100478968       1.235100594 
1 Jun 2018 17:19:60.0000    4661.730117607   -4100.611534391   4831.618974674       5.732178838      2.678652506      -3.259079280 
1 Jun 2018 17:36: 0.0000    7847.234064889    -389.923727858    367.044948486       0.479283515      4.562844617      -5.442997324 
1 Jun 2018 17:52: 0.0000    5469.368503648    3596.586619972  -4357.530472772      -5.116649044      3.216115759      -3.764998413 
1 Jun 2018 18: 7:60.0000    -788.048378074    5034.594634269  -5988.169995523      -7.084817760     -0.410391361       0.587190739 
1 Jun 2018 18:23:60.0000   -6486.283428419    2904.472675268  -3366.371298383      -4.026463576     -3.746034313       4.522304869 
1 Jun 2018 18:40: 0.0000   -7583.754223148   -1283.797143925   1645.595487400       1.885638463     -4.426807022       5.245977475 
1 Jun 2018 18:56: 0.0000   -3304.973534555   -4563.475434216   5490.445105412       6.457818203     -1.973540461       2.248299332 
1 Jun 2018 19:11:60.0000    3315.701701946   -4613.652494547   5441.959596743       6.453293714      1.875723344      -2.342777506 
1 Jun 2018 19:27:60.0000    7586.894239104   -1398.826240275   1534.627599491       1.875558069      4.398244239      -5.273286300 
1 Jun 2018 19:44: 0.0000    6479.964555747    2806.154137192  -3461.023069689      -4.034690543      3.807216838      -4.463235820 
1 Jun 2018 20: 0: 0.0000     777.114951295    5022.894157801  -5999.442729437      -7.085567424      0.517990939      -0.483730313 
1 Jun 2018 20:15:60.0000   -5476.985187640    3679.835680013  -4277.446911233      -5.109442712     -3.138712912       3.839628399 
1 Jun 2018 20:32: 0.0000   -7845.820920291    -270.948322677    481.766010566       0.489579757     -4.570578818       5.435845131 
1 Jun 2018 20:48: 0.0000   -4651.888634204   -4030.326943320   4899.555622517       5.738117793     -2.765780523       3.175024477 
1 Jun 2018 21: 3:60.0000    1838.597442392   -4937.376788114   5842.812534507       6.919033228      0.995715336      -1.336353146 
1 Jun 2018 21:19:60.0000    7026.282745721   -2350.446118186   2643.102578802       3.197278960      4.053005385      -4.900517276 
1 Jun 2018 21:36: 0.0000    7233.826036992    1900.241254393  -2431.117589852      -2.793173024      4.241861908      -4.989356312 
1 Jun 2018 21:52: 0.0000    2311.366340305    4804.656094610  -5779.385259713      -6.805562733      1.425219881      -1.535972387 
1 Jun 2018 22: 7:60.0000   -4250.791675494    4304.063118561  -5023.624435356      -5.990031637     -2.402168880       3.008845499 
1 Jun 2018 22:23:60.0000   -7797.251732528     753.226916063   -700.624569886      -0.925986102     -4.526609795       5.416311175 
1 Jun 2018 22:40: 0.0000   -5814.640766263   -3331.595943848   4120.033463662       4.791365015     -3.444701449       3.979605512 
1 Jun 2018 22:56: 0.0000     288.893492211   -5058.486727711   6018.758068241       7.111023934      0.074676425      -0.278521439 
1 Jun 2018 23:11:60.0000    6187.666690047   -3205.746358756   3649.792796389       4.392165221      3.541306789      -4.339102906 
1 Jun 2018 23:27:60.0000    7701.143549155     916.030258535  -1307.524564992      -1.441364376      4.502222315      -5.323131614 
1 Jun 2018 23:44: 0.0000    3753.888677360    4388.811943813  -5336.492249712      -6.255959707      2.274005378      -2.528931889 
1 Jun 2018 24: 0: 0.0000   -2856.306153476    4751.475335712  -5576.118563698      -6.633275813     -1.566620336       2.061981643 
1 Jun 2018 24:15:60.0000   -7439.945979231    1746.697273980  -1856.019933063      -2.304975765     -4.296603621       5.188056621 
1 Jun 2018 24:32: 0.0000   -6747.192861361   -2495.886744365   3181.870634796       3.654986984     -3.982420647       4.631050318 
1 Jun 2018 24:48: 0.0000   -1272.070277428   -4971.975098544   5963.027004321       7.021708118     -0.849666744       0.790033744 
1 Jun 2018 25: 3:60.0000    5104.311178010   -3929.638408671   4515.951323595       5.412987753      2.884132380      -3.610700175 
1 Jun 2018 25:19:60.0000    7863.480341235    -106.089903565   -133.552643212      -0.032871378      4.577627143      -5.451763364 
1 Jun 2018 25:36: 0.0000    5047.518220365    3792.406278505  -4687.855875507      -5.458627667      3.029461057      -3.424305950 
1 Jun 2018 25:52: 0.0000   -1348.815227579    5003.642046031  -5913.612808496      -7.013647345     -0.666372202       1.035559763 
1 Jun 2018 26: 7:60.0000   -6788.044324414    2668.668023466  -2939.888801951      -3.592724811     -3.889898569       4.759811867 
1 Jun 2018 26:23:60.0000   -7412.614532970   -1557.427282268   2121.172903872       2.373927269     -4.356812901       5.104238397 
1 Jun 2018 26:40: 0.0000   -2782.514515878   -4681.330677542   5677.760028657       6.654639188     -1.739443628       1.828216454 
