 1601   xx 
Time (UTCG)                x (km)             y (km)             z (km)         vx (km/sec)     vy (km/sec)     vz (km/sec)
-------------------------    ---------------    ---------------    ---------------    ------------    ------------    ------------
1 Jun 2018  0: 0: 0.0000    5003.400903511   -3817.812007872   4720.200666830       5.489294908      3.005055561      -3.390130160 
1 Jun 2018  0:16: 0.0000    7862.785048397      69.783705786    188.108179741       0.087726014      4.578366997      -5.450518048 
1 Jun 2018  0:32: 0.0000    5150.209493058    3907.563863222  -4476.854282029      -5.379316536      2.907177045      -3.648460814 
1 Jun 2018  0:48: 0.0000   -1213.925227914    4974.454024587  -5967.220267811      -7.033823714     -0.826377951       0.741708258 
1 Jun 2018  1: 3:60.0000   -6717.193715955    2513.396653785  -3225.558235627      -3.700423724     -3.973677438       4.605617000 
1 Jun 2018  1:19:60.0000   -7458.380694102   -1729.860623364   1803.250713326       2.253983815     -4.303013910       5.203308528 
1 Jun 2018  1:36: 0.0000   -2914.919637786   -4747.790758260   5554.802286001       6.608317201     -1.584155642       2.114932507 
1 Jun 2018  1:52: 0.0000    3693.065288331   -4403.446721244   5372.581520182       6.281788771      2.255869016      -2.470395407 
1 Jun 2018  2: 7:60.0000    7685.429881970    -940.688362445   1385.618948172       1.505459449      4.498957907      -5.307023976 
1 Jun 2018  2:23:60.0000    6232.226359452    3188.241472681  -3582.705097184      -4.340710655      3.554646239      -4.383869588 
1 Jun 2018  2:39:60.0000     360.735299444    5056.517387519  -6010.651604925      -7.111697390      0.089185102      -0.351555442 
1 Jun 2018  2:55:60.0000   -5766.544621599    3338.645101778  -4175.763756661      -4.839500006     -3.439706451       3.930281746 
1 Jun 2018  3:12: 0.0000   -7805.276439655    -746.715839056    620.206629922       0.862228111     -4.528827981       5.424278631 
1 Jun 2018  3:28: 0.0000   -4312.851539358   -4303.286992204   4977.106973422       5.949670287     -2.408952609       3.074673031 
1 Jun 2018  3:44: 0.0000    2234.386973485   -4812.205277795   5809.158307100       6.821906946      1.416127623      -1.451501653 
1 Jun 2018  4: 0: 0.0000    7199.196865746   -1913.355272550   2527.442995290       2.862458935      4.238763490      -4.950281632 
1 Jun 2018  4:15:60.0000    7063.593704889    2340.692236696  -2544.464181396      -3.127685995      4.059073128      -4.942876143 
1 Jun 2018  4:31:60.0000    1920.882573304    4935.142601940  -5812.257241102      -6.903449769      1.001146399      -1.430658971 
1 Jun 2018  4:47:60.0000   -4583.948622640    4029.602576289  -4958.006784288      -5.784043344     -2.767308015       3.096768489 
1 Jun 2018  5: 3:60.0000   -7838.431874363     266.442703955   -587.765832711      -0.564425693     -4.572624626       5.427233959 
1 Jun 2018  5:19:60.0000   -5537.532033120   -3685.917277529   4199.477950845       5.051942040     -3.137056936       3.910990394 
1 Jun 2018  5:35:60.0000     685.963232255   -5027.679871677   6012.408136826       7.088002289      0.519542839      -0.374351194 
1 Jun 2018  5:51:60.0000    6423.673857403   -2809.137735886   3567.706530214       4.104234949      3.808293042      -4.394688863 
1 Jun 2018  6: 8: 0.0000    7610.917412692    1399.017092563  -1403.902982305      -1.789089421      4.400208967      -5.303046089 
1 Jun 2018  6:24: 0.0000    3403.750222690    4615.219195309  -5380.026523631      -6.417483903      1.872786900      -2.452154133 
1 Jun 2018  6:40: 0.0000   -3216.953334202    4558.459431294  -5540.801905700      -6.495988805     -1.983520314       2.138596966 
1 Jun 2018  6:56: 0.0000   -7556.460715690    1268.888348781  -1772.107097695      -1.968628189     -4.432581021       5.211981546 
1 Jun 2018  7:12: 0.0000   -6539.739546526   -2920.465302413   3253.134356489       3.951124565     -3.739211837       4.590276800 
1 Jun 2018  7:28: 0.0000    -890.011878023   -5041.220842812   5974.173345001       7.069409828     -0.397902051       0.717826409 
1 Jun 2018  7:44: 0.0000    5390.061483602   -3592.056236475   4464.628660690       5.180954669      3.224882174      -3.662614080 
1 Jun 2018  8: 0: 0.0000    7852.237823496     401.092114001   -206.895281423      -0.378790619      4.564388471      -5.449960223 
1 Jun 2018  8:16: 0.0000    4749.689304573    4109.630084234  -4731.362626820      -5.673400028      2.669020535      -3.374924106 
1 Jun 2018  8:31:60.0000   -1720.538909380    4903.926835943  -5900.687398690      -6.946635446     -1.119882689       1.094325471 
1 Jun 2018  8:48: 0.0000   -6970.648570261    2220.311558506  -2885.191566894      -3.293894606     -4.114268733       4.787106467 
1 Jun 2018  9: 3:60.0000   -7279.174312640   -2037.667547728   2176.078263751       2.691375124     -4.191198708       5.085207373 
1 Jun 2018  9:20: 0.0000   -2430.239605261   -4852.282453903   5695.987401553       6.766870446     -1.299389156       1.781200904 
1 Jun 2018  9:35:60.0000    4139.914842372   -4230.672627320   5182.195151867       6.049431676      2.511990975      -2.783491624 
1 Jun 2018  9:52: 0.0000    7777.905789187    -612.957556048    998.430808250       1.046492920      4.545071506      -5.377784734 
1 Jun 2018 10: 7:60.0000    5904.572429333    3438.730123483  -3892.378491383      -4.701197275      3.357812149      -4.161844897 
1 Jun 2018 10:24: 0.0000    -154.903327340    5052.097258342  -6023.173803318      -7.117813075     -0.211162685       0.005994327 
1 Jun 2018 10:39:60.0000   -6104.507112651    3082.442302845  -3882.244755836      -4.486881415     -3.630438991       4.169637528 
1 Jun 2018 10:56: 0.0000   -7726.080329322   -1072.983076370   1011.573359314       1.323256042     -4.474812701       5.375841495 
1 Jun 2018 11:11:60.0000   -3872.852549114   -4468.445052019   5189.013826177       6.192502132     -2.148736134       2.773091533 
1 Jun 2018 11:28: 0.0000    2723.472210686   -4699.348474065   5691.599656279       6.674846679      1.698259726      -1.792637615 
1 Jun 2018 11:43:60.0000    7390.962337903   -1602.372254281   2163.629116762       2.429479882      4.343096487      -5.089494258 
1 Jun 2018 12: 0: 0.0000    6821.973182633    2629.522951018  -2896.841138946      -3.540053724      3.911469672      -4.781282432 
1 Jun 2018 12:16: 0.0000    1416.964516625    4997.006750925  -5903.329973200      -7.002621416      0.706049604      -1.082573967 
1 Jun 2018 12:31:60.0000   -4992.834874321    3820.592296694  -4723.147940065      -5.499541735     -3.000517204       3.384370803 
1 Jun 2018 12:48: 0.0000   -7862.446551877     -65.172618420   -193.589022341      -0.098285423     -4.578600186       5.450431558 
1 Jun 2018 13: 3:60.0000   -5159.894065486   -3905.112688490   4473.600478269       5.369319789     -2.911841735       3.653672338 
1 Jun 2018 13:20: 0.0000    1197.638071216   -4979.270425048   5972.395511719       7.032132532      0.816360307      -0.729834031 
1 Jun 2018 13:35:60.0000    6707.007997297   -2527.395676388   3241.881877428       3.714625650      3.966636826      -4.596740637 
1 Jun 2018 13:52: 0.0000    7465.032665428    1714.570003457  -1784.807753097      -2.236736063      4.307757863      -5.208364339 
1 Jun 2018 14: 7:60.0000    2931.825239159    4740.875919992  -5545.982473993      -6.605710544      1.594822096      -2.127547987 
1 Jun 2018 14:24: 0.0000   -3680.321451479    4405.054484902  -5374.057009588      -6.291071156     -2.249825897       2.462876916 
1 Jun 2018 14:39:60.0000   -7682.738233293     945.256644276  -1390.967629385      -1.516118029     -4.498327554       5.305905453 
1 Jun 2018 14:56: 0.0000   -6239.642564811   -3184.897981195   3578.466654618       4.330321818     -3.558050045       4.387565678 
1 Jun 2018 15:11:60.0000    -376.298866931   -5059.202224728   6013.312787490       7.106970195     -0.098310960       0.362262685 
1 Jun 2018 15:28: 0.0000    5753.568370515   -3350.870344405   4189.878290730       4.850347207      3.430863742      -3.919374530 
1 Jun 2018 15:43:60.0000    7807.938080281     730.676431009   -601.009395841      -0.843705257      4.530788771      -5.425975279 
1 Jun 2018 16: 0: 0.0000    4328.739459642    4294.019696858  -4965.520126184      -5.943090846      2.419375124      -3.086860899 
1 Jun 2018 16:15:60.0000   -2219.750750515    4812.302709567  -5808.769478335      -6.829563451     -1.408566715       1.442231325 
1 Jun 2018 16:32: 0.0000   -7194.127850040    1917.678541650  -2532.417819722      -2.873221086     -4.237161187       4.948001795 
1 Jun 2018 16:48: 0.0000   -7068.688142079   -2336.718298734   2539.554870187       3.117178306     -4.061379645       4.945261092 
1 Jun 2018 17: 3:60.0000   -1935.121796290   -4935.933816435   5812.708509764       6.896357450     -1.009047482       1.439825731 
1 Jun 2018 17:19:60.0000    4568.982628279   -4039.726954758   4969.550226393       5.791084274      2.757330353      -3.084640668 
1 Jun 2018 17:36: 0.0000    7836.954421915    -282.592441951    606.951706407       0.583003349      4.571653662      -5.425436544 
1 Jun 2018 17:52: 0.0000    5551.524494877    3674.429691649  -4185.311778647      -5.041480634      3.146528059      -3.921911095 
1 Jun 2018 18: 7:60.0000    -669.875542809    5025.942460468  -6009.783656697      -7.093307166     -0.510602393       0.363518743 
1 Jun 2018 18:23:60.0000   -6416.214988172    2812.982345710  -3572.028757913      -4.114980683     -3.805549807       4.391050566 
1 Jun 2018 18:40: 0.0000   -7613.678461151   -1394.638775809   1398.592484935       1.778571256     -4.401568763       5.304302986 
1 Jun 2018 18:56: 0.0000   -3416.218561469   -4614.409890465   5378.632413556       6.408728608     -1.879298100       2.459607962 
1 Jun 2018 19:11:60.0000    3200.860393589   -4566.308427142   5549.596140012       6.499115786      1.973102780      -2.126080202 
1 Jun 2018 19:27:60.0000    7550.968749181   -1284.503834851   1790.518111584       1.986038504      4.428772090      -5.206843941 
1 Jun 2018 19:44: 0.0000    6551.017383545    2907.046397616  -3236.761326905      -3.937219040      3.747038644      -4.599120061 
1 Jun 2018 20: 0: 0.0000     906.950657775    5037.373687027  -5969.006473456      -7.071668724      0.407911686      -0.729827357 
1 Jun 2018 20:15:60.0000   -5380.245141813    3595.148258459  -4467.973117310      -5.191394672     -3.220812389       3.657406203 
1 Jun 2018 20:32: 0.0000   -7852.663575979    -396.507801980    201.419969190       0.368251119     -4.564894311       5.450199190 
1 Jun 2018 20:48: 0.0000   -4760.090565534   -4107.532788139   4728.505624737       5.663620547     -2.674126984       3.380669329 
1 Jun 2018 21: 3:60.0000    1704.169355114   -4909.476270873   5906.732957833       6.946061079      1.109673562      -1.082184632 
1 Jun 2018 21:19:60.0000    6961.526411710   -2234.795026494   2902.128946312       3.309038388      4.107945514      -4.779052141 
1 Jun 2018 21:36: 0.0000    7287.052544454    2022.751229760  -2158.038854529      -2.674789999      4.196780355      -5.091283865 
1 Jun 2018 21:52: 0.0000    2447.288188653    4846.138425017  -5688.080810658      -6.765524897      1.309990204      -1.793781978 
1 Jun 2018 22: 7:60.0000   -4127.857762117    4232.700102378  -5184.194272630      -6.059096227     -2.506446952       2.776554449 
1 Jun 2018 22:23:60.0000   -7775.984978751     617.560938401  -1003.847890139      -1.057114381     -4.544731153       5.377012927 
1 Jun 2018 22:40: 0.0000   -5912.738251311   -3435.647419316   3888.424828441       4.690897709     -3.361610521       4.166014057 
1 Jun 2018 22:56: 0.0000     139.030251408   -5055.455653868   6026.626621486       7.114007849      0.201700848       0.005144922 
1 Jun 2018 23:11:60.0000    6092.359129851   -3095.289826309   3897.129094362       4.498890173      3.622114893      -4.159307989 
1 Jun 2018 23:27:60.0000    7730.074352345    1057.119775680   -992.539935058      -1.305019059      4.477710135      -5.378663692 
1 Jun 2018 23:44: 0.0000    3889.169933466    4459.938957925  -5178.318872913      -6.187226455      2.159314599      -2.785510135 
1 Jun 2018 24: 0: 0.0000   -2709.413231646    4699.976062169  -5691.862238186      -6.683112501     -1.691187190       1.783927996 
1 Jun 2018 24:15:60.0000   -7386.672074052    1606.799412354  -2168.754552554      -2.440214169     -4.341827918       5.087612910 
1 Jun 2018 24:32: 0.0000   -6827.828263074   -2625.728331788   2892.119185285       3.529565551     -3.914116235       4.784073103 
1 Jun 2018 24:48: 0.0000   -1431.692869046   -4998.385945016   5904.464743822       6.996223575     -0.714376776       1.092272221 
1 Jun 2018 25: 3:60.0000    4978.425140232   -3831.429346956   4735.559473181       5.507853936      2.990833466      -3.372549237 
1 Jun 2018 25:19:60.0000    7862.320133218      48.987230004    212.863965911       0.116982084      4.578587967      -5.449772051 
1 Jun 2018 25:36: 0.0000    5174.599905057    3894.325822598  -4460.244363722      -5.360094627      2.921701984      -3.665099194 
1 Jun 2018 25:52: 0.0000   -1181.965883990    4978.165528239  -5970.538787199      -7.038285218     -0.807844697       0.719478380 
1 Jun 2018 26: 7:60.0000   -6700.328834730    2531.424664317  -3246.450624446      -3.725399747     -3.964286765       4.593569691 
1 Jun 2018 26:23:60.0000   -7468.555736822   -1710.300832081   1779.600978350       2.226217956     -4.309413016       5.209973054 
1 Jun 2018 26:40: 0.0000   -2944.911361128   -4740.555104661   5545.148919793       6.597423187     -1.601795430       2.135568431 
